[18:31:14] [main/INFO] (FabricLoader/GameProvider) Loading Minecraft 1.20.1 with Fabric Loader 0.15.7
[18:31:14] [main/INFO] (FabricLoader) Loading 60 mods:
	- cogito 1.20.1-0.0.1
	- fabric-api 0.92.0+1.20.1
	- fabric-api-base 0.4.31+1802ada577
	- fabric-api-lookup-api-v1 1.6.36+1802ada577
	- fabric-biome-api-v1 13.0.13+1802ada577
	- fabric-block-api-v1 1.0.11+1802ada577
	- fabric-block-view-api-v2 1.0.1+1802ada577
	- fabric-blockrenderlayer-v1 1.1.41+1802ada577
	- fabric-client-tags-api-v1 1.1.2+1802ada577
	- fabric-command-api-v1 1.2.34+f71b366f77
	- fabric-command-api-v2 2.2.13+1802ada577
	- fabric-commands-v0 0.2.51+df3654b377
	- fabric-containers-v0 0.1.64+df3654b377
	- fabric-content-registries-v0 4.0.11+1802ada577
	- fabric-convention-tags-v1 1.5.5+1802ada577
	- fabric-crash-report-info-v1 0.2.19+1802ada577
	- fabric-data-attachment-api-v1 1.0.0+de0fd6d177
	- fabric-data-generation-api-v1 12.3.4+1802ada577
	- fabric-dimensions-v1 2.1.54+1802ada577
	- fabric-entity-events-v1 1.6.0+1c78457f77
	- fabric-events-interaction-v0 0.6.2+1802ada577
	- fabric-events-lifecycle-v0 0.2.63+df3654b377
	- fabric-game-rule-api-v1 1.0.40+1802ada577
	- fabric-gametest-api-v1 1.2.13+1802ada577
	- fabric-item-api-v1 2.1.28+1802ada577
	- fabric-item-group-api-v1 4.0.12+1802ada577
	- fabric-key-binding-api-v1 1.0.37+1802ada577
	- fabric-keybindings-v0 0.2.35+df3654b377
	- fabric-lifecycle-events-v1 2.2.22+1802ada577
	- fabric-loot-api-v2 1.2.1+1802ada577
	- fabric-loot-tables-v1 1.1.45+9e7660c677
	- fabric-message-api-v1 5.1.9+1802ada577
	- fabric-mining-level-api-v1 2.1.50+1802ada577
	- fabric-model-loading-api-v1 1.0.3+1802ada577
	- fabric-models-v0 0.4.2+9386d8a777
	- fabric-networking-api-v1 1.3.11+1802ada577
	- fabric-networking-v0 0.3.51+df3654b377
	- fabric-object-builder-api-v1 11.1.3+1802ada577
	- fabric-particles-v1 1.1.2+1802ada577
	- fabric-recipe-api-v1 1.0.21+1802ada577
	- fabric-registry-sync-v0 2.3.3+1802ada577
	- fabric-renderer-api-v1 3.2.1+1802ada577
	- fabric-renderer-indigo 1.5.1+1802ada577
	- fabric-renderer-registries-v1 3.2.46+df3654b377
	- fabric-rendering-data-attachment-v1 0.3.37+92a0d36777
	- fabric-rendering-fluids-v1 3.0.28+1802ada577
	- fabric-rendering-v0 1.1.49+df3654b377
	- fabric-rendering-v1 3.0.8+1802ada577
	- fabric-resource-conditions-api-v1 2.3.8+1802ada577
	- fabric-resource-loader-v0 0.11.10+1802ada577
	- fabric-screen-api-v1 2.0.8+1802ada577
	- fabric-screen-handler-api-v1 1.3.30+1802ada577
	- fabric-sound-api-v1 1.0.13+1802ada577
	- fabric-transfer-api-v1 3.3.4+1802ada577
	- fabric-transitive-access-wideners-v1 4.3.1+1802ada577
	- fabricloader 0.15.7
	- java 17
	- minecraft 1.20.1
	- mixinextras 0.3.5
	- modmenu 7.2.2
[18:31:18] [main/INFO] (FabricLoader/Mixin) SpongePowered MIXIN Subsystem Version=0.8.5 Source=file:/C:/Users/SinsA/.gradle/caches/modules-2/files-2.1/net.fabricmc/sponge-mixin/0.12.5+mixin.0.8.5/8d31fb97c3e0cd7c8dad3441851c523bcfae6d8e/sponge-mixin-0.12.5+mixin.0.8.5.jar Service=Knot/Fabric Env=CLIENT
[18:31:18] [main/INFO] (FabricLoader/Mixin) Loaded Fabric development mappings for mixin remapper!
[18:31:18] [main/INFO] (FabricLoader/Mixin) Compatibility level set to JAVA_16
[18:31:18] [main/INFO] (FabricLoader/Mixin) Compatibility level set to JAVA_17
[18:31:21] [main/INFO] (FabricLoader/MixinExtras|Service) Initializing MixinExtras via com.llamalad7.mixinextras.service.MixinExtrasServiceImpl(version=0.3.5).
[18:31:27] [Datafixer Bootstrap/INFO] (Minecraft) 188 Datafixer optimizations took 172 milliseconds
[18:31:31] [Render thread/INFO] (Minecraft) Environment: authHost='https://authserver.mojang.com', accountsHost='https://api.mojang.com', sessionHost='https://sessionserver.mojang.com', servicesHost='https://api.minecraftservices.com', name='PROD'
[18:31:32] [Render thread/ERROR] (Minecraft) Failed to verify authentication
com.mojang.authlib.exceptions.InvalidCredentialsException: Status: 401
	at com.mojang.authlib.exceptions.MinecraftClientHttpException.toAuthenticationException(MinecraftClientHttpException.java:56) ~[authlib-4.0.43.jar:?]
	at com.mojang.authlib.yggdrasil.YggdrasilUserApiService.fetchProperties(YggdrasilUserApiService.java:156) ~[authlib-4.0.43.jar:?]
	at com.mojang.authlib.yggdrasil.YggdrasilUserApiService.<init>(YggdrasilUserApiService.java:55) ~[authlib-4.0.43.jar:?]
	at com.mojang.authlib.yggdrasil.YggdrasilAuthenticationService.createUserApiService(YggdrasilAuthenticationService.java:124) ~[authlib-4.0.43.jar:?]
	at net.minecraft.client.MinecraftClient.createUserApiService(MinecraftClient.java:733) ~[minecraft-merged-4060f3af86-1.20.1-net.fabricmc.yarn.1_20_1.1.20.1+build.10-v2.jar:?]
	at net.minecraft.client.MinecraftClient.<init>(MinecraftClient.java:442) ~[minecraft-merged-4060f3af86-1.20.1-net.fabricmc.yarn.1_20_1.1.20.1+build.10-v2.jar:?]
	at net.minecraft.client.main.Main.main(Main.java:211) ~[minecraft-merged-4060f3af86-1.20.1-net.fabricmc.yarn.1_20_1.1.20.1+build.10-v2.jar:?]
	at net.fabricmc.loader.impl.game.minecraft.MinecraftGameProvider.launch(MinecraftGameProvider.java:470) ~[fabric-loader-0.15.7.jar:?]
	at net.fabricmc.loader.impl.launch.knot.Knot.launch(Knot.java:74) ~[fabric-loader-0.15.7.jar:?]
	at net.fabricmc.loader.impl.launch.knot.KnotClient.main(KnotClient.java:23) ~[fabric-loader-0.15.7.jar:?]
	at net.fabricmc.devlaunchinjector.Main.main(Main.java:86) ~[dev-launch-injector-0.2.1+build.8.jar:?]
Caused by: com.mojang.authlib.exceptions.MinecraftClientHttpException: Status: 401
	at com.mojang.authlib.minecraft.client.MinecraftClient.readInputStream(MinecraftClient.java:85) ~[authlib-4.0.43.jar:?]
	at com.mojang.authlib.minecraft.client.MinecraftClient.get(MinecraftClient.java:48) ~[authlib-4.0.43.jar:?]
	at com.mojang.authlib.yggdrasil.YggdrasilUserApiService.fetchProperties(YggdrasilUserApiService.java:129) ~[authlib-4.0.43.jar:?]
	... 9 more
[18:31:32] [Render thread/INFO] (Minecraft) Setting user: Player535
[18:31:32] [Render thread/INFO] (Indigo) [Indigo] Registering Indigo renderer!
[18:31:32] [Worker-Main-1/INFO] (Mod Menu/Update Checker) Checking mod updates...
[18:31:33] [Render thread/INFO] (Minecraft) Backend library: LWJGL version 3.3.1 SNAPSHOT
[18:31:35] [Render thread/INFO] (Minecraft) Reloading ResourceManager: vanilla, fabric (fabric-rendering-fluids-v1, fabric-models-v0, fabric-networking-api-v1, fabric-resource-conditions-api-v1, fabric-commands-v0, fabric-renderer-api-v1, fabric-sound-api-v1, fabric-rendering-data-attachment-v1, fabric-recipe-api-v1, fabric-crash-report-info-v1, fabric-block-view-api-v2, fabric-blockrenderlayer-v1, fabric-api, fabric-command-api-v2, fabric-data-attachment-api-v1, fabric-events-lifecycle-v0, fabric-model-loading-api-v1, fabric-keybindings-v0, fabric-content-registries-v0, fabric-gametest-api-v1, fabric-biome-api-v1, fabricloader, fabric-networking-v0, fabric-renderer-indigo, fabric-transfer-api-v1, fabric-loot-api-v2, fabric-client-tags-api-v1, fabric-object-builder-api-v1, fabric-message-api-v1, fabric-containers-v0, fabric-renderer-registries-v1, fabric-events-interaction-v0, fabric-data-generation-api-v1, fabric-loot-tables-v1, fabric-transitive-access-wideners-v1, fabric-rendering-v1, fabric-mining-level-api-v1, fabric-block-api-v1, fabric-key-binding-api-v1, modmenu, cogito, fabric-item-group-api-v1, fabric-particles-v1, fabric-command-api-v1, fabric-screen-api-v1, fabric-api-base, fabric-convention-tags-v1, fabric-rendering-v0, fabric-resource-loader-v0, fabric-entity-events-v1, fabric-dimensions-v1, fabric-game-rule-api-v1, fabric-registry-sync-v0, fabric-item-api-v1, fabric-api-lookup-api-v1, fabric-lifecycle-events-v1, fabric-screen-handler-api-v1)
[18:31:35] [Worker-Main-2/INFO] (Minecraft) Found unifont_all_no_pua-15.0.06.hex, loading
[18:31:36] [Realms Notification Availability checker #1/INFO] (Minecraft) Could not authorize you against Realms server: Invalid session id
[18:31:36] [Render thread/WARN] (Minecraft) Missing sound for event: minecraft:item.goat_horn.play
[18:31:36] [Render thread/WARN] (Minecraft) Missing sound for event: minecraft:entity.goat.screaming.horn_break
[18:31:37] [Render thread/INFO] (Minecraft) OpenAL initialized on device OpenAL Soft on 扬声器 (Realtek(R) Audio)
[18:31:37] [Render thread/INFO] (Minecraft) Sound engine started
[18:31:37] [Render thread/INFO] (Minecraft) Created: 1024x512x4 minecraft:textures/atlas/blocks.png-atlas
[18:31:37] [Render thread/INFO] (Minecraft) Created: 256x256x4 minecraft:textures/atlas/signs.png-atlas
[18:31:37] [Render thread/INFO] (Minecraft) Created: 512x512x4 minecraft:textures/atlas/banner_patterns.png-atlas
[18:31:37] [Render thread/INFO] (Minecraft) Created: 512x512x4 minecraft:textures/atlas/shield_patterns.png-atlas
[18:31:37] [Render thread/INFO] (Minecraft) Created: 1024x1024x4 minecraft:textures/atlas/armor_trims.png-atlas
[18:31:37] [Render thread/INFO] (Minecraft) Created: 256x256x4 minecraft:textures/atlas/chest.png-atlas
[18:31:37] [Render thread/INFO] (Minecraft) Created: 128x64x4 minecraft:textures/atlas/decorated_pot.png-atlas
[18:31:37] [Render thread/INFO] (Minecraft) Created: 512x256x4 minecraft:textures/atlas/shulker_boxes.png-atlas
[18:31:37] [Render thread/INFO] (Minecraft) Created: 512x256x4 minecraft:textures/atlas/beds.png-atlas
[18:31:38] [Render thread/WARN] (Minecraft) Shader rendertype_entity_translucent_emissive could not find sampler named Sampler2 in the specified shader program.
[18:31:38] [Render thread/INFO] (Minecraft) Created: 256x256x0 minecraft:textures/atlas/particles.png-atlas
[18:31:38] [Render thread/INFO] (Minecraft) Created: 256x256x0 minecraft:textures/atlas/paintings.png-atlas
[18:31:38] [Render thread/INFO] (Minecraft) Created: 128x128x0 minecraft:textures/atlas/mob_effects.png-atlas
[18:31:59] [Render thread/INFO] (Minecraft) Loaded 7 recipes
[18:31:59] [Render thread/INFO] (Minecraft) Loaded 1271 advancements
[18:32:01] [Render thread/INFO] (BiomeModificationImpl) Applied 0 biome modifications to 0 of 64 new biomes in 2.731 ms
[18:32:01] [Server thread/INFO] (Minecraft) Starting integrated minecraft server version 1.20.1
[18:32:01] [Server thread/INFO] (Minecraft) Generating keypair
[18:32:03] [Server thread/INFO] (Minecraft) Preparing start region for dimension minecraft:overworld
[18:32:04] [Render thread/INFO] (Minecraft) 准备生成区域中：0%
[18:32:04] [Render thread/INFO] (Minecraft) 准备生成区域中：0%
[18:32:05] [Render thread/INFO] (Minecraft) 准备生成区域中：0%
[18:32:05] [Render thread/INFO] (Minecraft) 准备生成区域中：1%
[18:32:06] [Render thread/INFO] (Minecraft) 准备生成区域中：3%
[18:32:06] [Render thread/INFO] (Minecraft) 准备生成区域中：6%
[18:32:07] [Render thread/INFO] (Minecraft) 准备生成区域中：11%
[18:32:07] [Render thread/INFO] (Minecraft) 准备生成区域中：16%
[18:32:08] [Render thread/INFO] (Minecraft) 准备生成区域中：20%
[18:32:08] [Render thread/INFO] (Minecraft) 准备生成区域中：26%
[18:32:08] [Render thread/INFO] (Minecraft) 准备生成区域中：32%
[18:32:09] [Render thread/INFO] (Minecraft) 准备生成区域中：37%
[18:32:10] [Render thread/INFO] (Minecraft) 准备生成区域中：44%
[18:32:10] [Render thread/INFO] (Minecraft) 准备生成区域中：51%
[18:32:11] [Render thread/INFO] (Minecraft) 准备生成区域中：57%
[18:32:11] [Render thread/INFO] (Minecraft) 准备生成区域中：63%
[18:32:12] [Render thread/INFO] (Minecraft) 准备生成区域中：70%
[18:32:12] [Render thread/INFO] (Minecraft) 准备生成区域中：77%
[18:32:13] [Render thread/INFO] (Minecraft) 准备生成区域中：83%
[18:32:13] [Render thread/INFO] (Minecraft) 准备生成区域中：90%
[18:32:14] [Render thread/INFO] (Minecraft) 准备生成区域中：93%
[18:32:14] [Render thread/INFO] (Minecraft) 准备生成区域中：99%
[18:32:14] [Render thread/INFO] (Minecraft) Time elapsed: 10522 ms
[18:32:14] [Server thread/INFO] (Minecraft) Changing view distance to 12, from 10
[18:32:14] [Server thread/INFO] (Minecraft) Changing simulation distance to 12, from 0
[18:32:16] [Server thread/INFO] (Minecraft) Player535[local:E:e51ca58d] logged in with entity id 265 at (-135.5, 74.0, -134.5)
[18:32:16] [Server thread/INFO] (Minecraft) Player535加入了游戏
[18:32:17] [Render thread/INFO] (Minecraft) Loaded 2 advancements
[18:32:24] [Server thread/INFO] (Minecraft) Locating element minecraft:cherry_grove took 1432 ms
[18:32:25] [Render thread/INFO] (Minecraft) [System] [CHAT] 最近的minecraft:cherry_grove位于[-2600, 74, -1479]（2806个方块外）
[18:32:26] [Server thread/INFO] (Minecraft) [Player535: 已将Player535传送到-2599.500000, 74.000000, -1478.500000]
[18:32:26] [Render thread/INFO] (Minecraft) [System] [CHAT] 已将Player535传送到-2599.500000, 74.000000, -1478.500000
[18:32:28] [Server thread/INFO] (Minecraft) [Player535: 已将自己的游戏模式设置为旁观模式]
[18:32:28] [Render thread/INFO] (Minecraft) [System] [CHAT] 已将自己的游戏模式设置为旁观模式
[18:32:33] [Server thread/INFO] (Minecraft) [Player535: 已将自己的游戏模式设置为生存模式]
[18:32:33] [Render thread/INFO] (Minecraft) [System] [CHAT] 已将自己的游戏模式设置为生存模式
[18:32:35] [Server thread/INFO] (Minecraft) [Player535: 已将世界的出生点设置为-2602, 89, -1475 [0.0]]
[18:32:35] [Render thread/INFO] (Minecraft) [System] [CHAT] 已将世界的出生点设置为-2602, 89, -1475 [0.0]
[18:32:37] [Server thread/INFO] (Minecraft) [Player535: 已将Player535的出生点设为minecraft:overworld中的-2602, 89, -1475 [0.0]]
[18:32:37] [Render thread/INFO] (Minecraft) [System] [CHAT] 已将Player535的出生点设为minecraft:overworld中的-2602, 89, -1475 [0.0]
[18:32:40] [Server thread/INFO] (Minecraft) Saving and pausing game...
[18:32:40] [Server thread/INFO] (Minecraft) Saving chunks for level 'ServerLevel[新的世界]'/minecraft:overworld
[18:32:40] [Server thread/INFO] (Minecraft) Saving chunks for level 'ServerLevel[新的世界]'/minecraft:the_nether
[18:32:40] [Server thread/INFO] (Minecraft) Saving chunks for level 'ServerLevel[新的世界]'/minecraft:the_end
[18:32:44] [Server thread/INFO] (Minecraft) Player535 lost connection: 连接中断
[18:32:44] [Server thread/INFO] (Minecraft) Player535退出了游戏
[18:32:44] [Server thread/INFO] (Minecraft) Stopping singleplayer server as player logged out
[18:32:44] [Server thread/INFO] (Minecraft) Stopping server
[18:32:44] [Server thread/INFO] (Minecraft) Saving players
[18:32:44] [Server thread/INFO] (Minecraft) Saving worlds
[18:32:45] [Server thread/INFO] (Minecraft) Saving chunks for level 'ServerLevel[新的世界]'/minecraft:overworld
[18:32:46] [Server thread/INFO] (Minecraft) Saving chunks for level 'ServerLevel[新的世界]'/minecraft:the_nether
[18:32:46] [Server thread/INFO] (Minecraft) Saving chunks for level 'ServerLevel[新的世界]'/minecraft:the_end
[18:32:46] [Server thread/INFO] (Minecraft) ThreadedAnvilChunkStorage (新的世界): All chunks are saved
[18:32:46] [Server thread/INFO] (Minecraft) ThreadedAnvilChunkStorage (DIM-1): All chunks are saved
[18:32:46] [Server thread/INFO] (Minecraft) ThreadedAnvilChunkStorage (DIM1): All chunks are saved
[18:32:46] [Server thread/INFO] (Minecraft) ThreadedAnvilChunkStorage: All dimensions are saved
[18:32:47] [Render thread/INFO] (Minecraft) Stopping!
